https://api.archbee.com/api/optimize/pD-o7nZLwDiSBwGlsHA9q/frlDDqWnjEB3t5ZKro_Tl_screenshot-2022-06-07-at-202030.png
https://api.archbee.com/api/optimize/pD-o7nZLwDiSBwGlsHA9q/dA1l8vJrxcAfN_etB1BzR_screenshot-2022-07-11-at-125513.png
https://api.archbee.com/api/optimize/pD-o7nZLwDiSBwGlsHA9q/ZViHRXmjY2GDHCnM6YjZ3_screenshot-2022-07-11-at-125819.png
https://api.archbee.com/api/optimize/pD-o7nZLwDiSBwGlsHA9q/AI9zmujYNGreRtJ-bXxOS_screenshot-2022-07-11-at-130042.png
https://api.archbee.com/api/optimize/pD-o7nZLwDiSBwGlsHA9q/XYDq52lVWi66KzSzEgbbE_screenshot-2022-07-11-at-125932.png
https://api.archbee.com/api/optimize/pD-o7nZLwDiSBwGlsHA9q/t1GPUh8nGjl9BTqZeAIAo_image.png
https://api.archbee.com/api/optimize/pD-o7nZLwDiSBwGlsHA9q/75WDp8D4qM7GuCEDC7SJy_image.png
https://api.archbee.com/api/optimize/pD-o7nZLwDiSBwGlsHA9q/NBLdBvBb8LsiGs7O2xXZO_image.png
https://api.archbee.com/api/optimize/pD-o7nZLwDiSBwGlsHA9q/14zHmt5D4tEMAbE0K5RbV_1connectingactions.gif
https://api.archbee.com/api/optimize/pD-o7nZLwDiSBwGlsHA9q/RSqkW7DTvg9zFIzwX50Hd_2lvl-hint-gif.gif
https://api.archbee.com/api/optimize/pD-o7nZLwDiSBwGlsHA9q/WF0MhDmtHQ17fwbVMyVD-_2lvl-hint-gifautoassingvariable.gif
https://api.archbee.com/api/optimize/pD-o7nZLwDiSBwGlsHA9q/kF7BHbCAbH-PZLQZ433BI_image.png
https://api.archbee.com/api/optimize/pD-o7nZLwDiSBwGlsHA9q/l54P93UNm_OA0aOIB-X2B_image.png
https://api.archbee.com/api/optimize/pD-o7nZLwDiSBwGlsHA9q/7UHYoDZi7uYvo0Djl2LNg_image.png
https://api.archbee.com/api/optimize/pD-o7nZLwDiSBwGlsHA9q/gC-zqkx8mkc3RANBe83gG_image.png
https://api.archbee.com/api/optimize/pD-o7nZLwDiSBwGlsHA9q/n5olx2QC5SSQQ45ixZx-S_image.png
https://api.archbee.com/api/optimize/pD-o7nZLwDiSBwGlsHA9q/eB0w-_Cc3kiLQdOTBy-99_image.png
https://api.archbee.com/api/optimize/pD-o7nZLwDiSBwGlsHA9q/e7Ds9oRjhouq1MXxtO5cG_image.png
https://api.archbee.com/api/optimize/pD-o7nZLwDiSBwGlsHA9q/OjbhlniZ5MRM3r1E88Rbv_image.png
https://api.archbee.com/api/optimize/pD-o7nZLwDiSBwGlsHA9q/6mxaaCQewJWlrhkehkTn7_image.png
https://api.archbee.com/api/optimize/pD-o7nZLwDiSBwGlsHA9q/X3GwXnR0VpS4h2JfO-NTI_image.png
https://api.archbee.com/api/optimize/pD-o7nZLwDiSBwGlsHA9q/6LIFBOpnEqaXcYIH7jwc7_image.png
https://api.archbee.com/api/optimize/pD-o7nZLwDiSBwGlsHA9q/Pu4AQz0wQQQbgER--n0Bg_image.png
https://api.archbee.com/api/optimize/pD-o7nZLwDiSBwGlsHA9q/7puNuPGPo-bJkQA65Vrxz_image.png
https://api.archbee.com/api/optimize/pD-o7nZLwDiSBwGlsHA9q/61JDfi-8cJrGKO7gwSf_g_image.png
https://app.archbee.com/api/optimize/pD-o7nZLwDiSBwGlsHA9q/v4h-lco6N2SO2Vg6xoQO__image.png
https://api.archbee.com/api/optimize/pD-o7nZLwDiSBwGlsHA9q/Xop6TrN_RwVwNMCLX-Nfa_image.png
https://api.archbee.com/api/optimize/pD-o7nZLwDiSBwGlsHA9q/GfJA3qpiHPO_LG80CsL4v_image.png
https://api.archbee.com/api/optimize/pD-o7nZLwDiSBwGlsHA9q/jFHxJdDnBjd_szXu_nLcn_image.png
https://api.archbee.com/api/optimize/pD-o7nZLwDiSBwGlsHA9q/QvrFzXplWm9-6DGxv3SeS_image.png
https://api.archbee.com/api/optimize/pD-o7nZLwDiSBwGlsHA9q/5ytNsco9ta96_LMZM34xn_image.png
https://api.archbee.com/api/optimize/pD-o7nZLwDiSBwGlsHA9q/98RL0UcErGS9SXXzUpIyB_screenshot-2022-08-30-at-155817.png
https://api.archbee.com/api/optimize/pD-o7nZLwDiSBwGlsHA9q/5A3s82gfrrOUWtokWJpbW_screenshot-2022-08-30-at-162545.png
https://api.archbee.com/api/optimize/pD-o7nZLwDiSBwGlsHA9q/GYV6XufDdtV0rXSuaumRb_screenshot-2022-08-30-at-163349.png
https://api.archbee.com/api/optimize/pD-o7nZLwDiSBwGlsHA9q/vCS1n9ewYGWM28C7uNsPJ_screenshot-2022-08-30-at-163605.png
